<?xml version="1.0" encoding="UTF-8"?>
<!-- Generated by org.testng.reporters.JUnitReportReporter -->
<testsuite hostname="LAPTOP-ECIVHE0M" failures="0" tests="3" name="POM.MiniProject01.SignUpTest" time="4.751" errors="0" timestamp="2025-01-14T18:32:26 IST" skipped="0">
  <testcase classname="POM.MiniProject01.SignUpTest" name="testSignUpFunctionality" time="4.575"/>
  <system-out/>
  <testcase classname="POM.MiniProject01.SignUpTest" name="testSignUpButtonClickability" time="0.114"/>
  <system-out/>
  <testcase classname="POM.MiniProject01.SignUpTest" name="testSignUpButtonVisibility" time="0.062"/>
  <system-out/>
</testsuite> <!-- POM.MiniProject01.SignUpTest -->
