<?xml version="1.0" encoding="UTF-8"?>
<!-- Generated by org.testng.reporters.JUnitReportReporter -->
<testsuite hostname="LAPTOP-ECIVHE0M" failures="0" tests="6" name="POM.MiniProject01.ProductCategoryDisplayTest" time="0.357" errors="0" timestamp="2025-01-14T18:43:46 IST" skipped="0">
  <testcase classname="POM.MiniProject01.ProductCategoryDisplayTest" name="testLaptopsCategoryVisibility" time="0.055"/>
  <system-out/>
  <testcase classname="POM.MiniProject01.ProductCategoryDisplayTest" name="testMonitorsCategoryVisibility" time="0.035"/>
  <system-out/>
  <testcase classname="POM.MiniProject01.ProductCategoryDisplayTest" name="testPhonesCategoryVisibility" time="0.032"/>
  <system-out/>
  <testcase classname="POM.MiniProject01.ProductCategoryDisplayTest" name="testMenuItemsVisibility" time="0.160"/>
  <system-out/>
  <testcase classname="POM.MiniProject01.ProductCategoryDisplayTest" name="testWelcomeMessageVisibility" time="0.025"/>
  <system-out/>
  <testcase classname="POM.MiniProject01.ProductCategoryDisplayTest" name="testLogoVisibility" time="0.050"/>
  <system-out/>
</testsuite> <!-- POM.MiniProject01.ProductCategoryDisplayTest -->
