<?xml version="1.0" encoding="UTF-8"?>
<!-- Generated by org.testng.reporters.JUnitReportReporter -->
<testsuite hostname="LAPTOP-ECIVHE0M" failures="0" tests="3" name="POM.MiniProject01.PurchaseTest" time="23.239" errors="0" timestamp="2025-01-15T20:05:59 IST" skipped="0">
  <testcase classname="POM.MiniProject01.PurchaseTest" name="testPlaceOrderButtonVisible" time="18.880"/>
  <system-out/>
  <testcase classname="POM.MiniProject01.PurchaseTest" name="testOrderDetailsFields" time="1.296"/>
  <system-out/>
  <testcase classname="POM.MiniProject01.PurchaseTest" name="testCompleteOrder" time="3.063"/>
  <system-out/>
</testsuite> <!-- POM.MiniProject01.PurchaseTest -->
