<?xml version="1.0" encoding="UTF-8"?>
<!-- Generated by org.testng.reporters.JUnitReportReporter -->
<testsuite hostname="LAPTOP-ECIVHE0M" failures="0" tests="3" name="POM.MiniProject01.CartTest" time="53.036" errors="0" timestamp="2025-01-15T23:07:36 IST" skipped="0">
  <testcase classname="POM.MiniProject01.CartTest" name="testAddRemoveProductFromCart" time="13.552"/>
  <system-out/>
  <testcase classname="POM.MiniProject01.CartTest" name="testUpdateCartTotalAfterDeletion" time="13.766"/>
  <system-out/>
  <testcase classname="POM.MiniProject01.CartTest" name="testTotalPriceCalculation" time="25.718"/>
  <system-out/>
</testsuite> <!-- POM.MiniProject01.CartTest -->
