<?xml version="1.0" encoding="UTF-8"?>
<!-- Generated by org.testng.reporters.JUnitReportReporter -->
<testsuite hostname="LAPTOP-ECIVHE0M" failures="0" tests="3" name="POM.MiniProject01.LogInTest" time="5.225" errors="0" timestamp="2025-01-14T18:34:17 IST" skipped="0">
  <testcase classname="POM.MiniProject01.LogInTest" name="testLoginButtonClickability" time="0.183"/>
  <system-out/>
  <testcase classname="POM.MiniProject01.LogInTest" name="testLoginButtonVisibility" time="0.049"/>
  <system-out/>
  <testcase classname="POM.MiniProject01.LogInTest" name="testLoginFunctionality" time="4.993"/>
  <system-out/>
</testsuite> <!-- POM.MiniProject01.LogInTest -->
