<?xml version="1.0" encoding="UTF-8"?>
<testng-results ignored="0" total="3" passed="3" failed="0" skipped="0">
  <reporter-output>
  </reporter-output>
  <suite started-at="2025-01-15T23:06:31 IST" name="Default suite" finished-at="2025-01-15T23:07:36 IST" duration-ms="64555">
    <groups>
    </groups>
    <test started-at="2025-01-15T23:06:31 IST" name="Default test" finished-at="2025-01-15T23:07:36 IST" duration-ms="64555">
      <class name="POM.MiniProject01.CartTest">
        <test-method is-config="true" signature="setUp()[pri:0, instance:POM.MiniProject01.CartTest@235834f2]" started-at="2025-01-15T23:06:31 IST" name="setUp" finished-at="2025-01-15T23:06:42 IST" duration-ms="10930" status="PASS">
          <reporter-output>
          </reporter-output>
        </test-method> <!-- setUp -->
        <test-method signature="testAddRemoveProductFromCart()[pri:1, instance:POM.MiniProject01.CartTest@235834f2]" started-at="2025-01-15T23:06:42 IST" name="testAddRemoveProductFromCart" finished-at="2025-01-15T23:06:56 IST" duration-ms="13552" status="PASS">
          <reporter-output>
          </reporter-output>
        </test-method> <!-- testAddRemoveProductFromCart -->
        <test-method signature="testUpdateCartTotalAfterDeletion()[pri:2, instance:POM.MiniProject01.CartTest@235834f2]" started-at="2025-01-15T23:06:56 IST" name="testUpdateCartTotalAfterDeletion" finished-at="2025-01-15T23:07:09 IST" duration-ms="13766" status="PASS">
          <reporter-output>
          </reporter-output>
        </test-method> <!-- testUpdateCartTotalAfterDeletion -->
        <test-method signature="testTotalPriceCalculation()[pri:3, instance:POM.MiniProject01.CartTest@235834f2]" started-at="2025-01-15T23:07:09 IST" name="testTotalPriceCalculation" finished-at="2025-01-15T23:07:35 IST" duration-ms="25718" status="PASS">
          <reporter-output>
          </reporter-output>
        </test-method> <!-- testTotalPriceCalculation -->
        <test-method is-config="true" signature="tearDown()[pri:0, instance:POM.MiniProject01.CartTest@235834f2]" started-at="2025-01-15T23:07:35 IST" name="tearDown" finished-at="2025-01-15T23:07:36 IST" duration-ms="536" status="PASS">
          <reporter-output>
          </reporter-output>
        </test-method> <!-- tearDown -->
      </class> <!-- POM.MiniProject01.CartTest -->
    </test> <!-- Default test -->
  </suite> <!-- Default suite -->
</testng-results>
