<?xml version="1.0" encoding="UTF-8"?>
<!-- Generated by org.testng.reporters.JUnitXMLReporter -->
<testsuite ignored="0" hostname="LAPTOP-ECIVHE0M" failures="0" tests="3" name="Default test" time="64.555" errors="0" timestamp="2025-01-15T23:07:36 IST">
  <testcase classname="POM.MiniProject01.CartTest" name="testAddRemoveProductFromCart" time="13.552"/>
  <testcase classname="POM.MiniProject01.CartTest" name="testUpdateCartTotalAfterDeletion" time="13.766"/>
  <testcase classname="POM.MiniProject01.CartTest" name="testTotalPriceCalculation" time="25.718"/>
</testsuite> <!-- Default test -->
