<?xml version="1.0" encoding="UTF-8"?>
<!-- Generated by org.testng.reporters.JUnitXMLReporter -->
<testsuite ignored="0" hostname="LAPTOP-ECIVHE0M" failures="0" tests="25" name="Test" time="7.967" errors="0" timestamp="2025-01-14T15:56:35 IST">
  <testcase classname="POM.MiniProject01.CartTest" name="@BeforeTest setUp" time="7.729">
    <failure type="java.lang.NullPointerException" message="Cannot invoke &amp;quot;org.openqa.selenium.WebDriver.manage()&amp;quot; because &amp;quot;POM.MiniProject01.CartTest.driver&amp;quot; is null">
      <![CDATA[java.lang.NullPointerException: Cannot invoke "org.openqa.selenium.WebDriver.manage()" because "POM.MiniProject01.CartTest.driver" is null
at POM.MiniProject01.CartTest.setUp(CartTest.java:16)
... Removed 22 stack frames]]>
    </failure>
  </testcase> <!-- @BeforeTest setUp -->
  <testcase classname="POM.MiniProject01.LogInTest" name="@BeforeTest setUp" time="-1.736850394967E9">
    <skipped/>
  </testcase> <!-- @BeforeTest setUp -->
  <testcase classname="POM.MiniProject01.LogOutTest" name="@BeforeTest setUp" time="-1.73685039497E9">
    <skipped/>
  </testcase> <!-- @BeforeTest setUp -->
  <testcase classname="POM.MiniProject01.ProductCategoryDisplayTest" name="@BeforeTest setUp" time="-1.736850394973E9">
    <skipped/>
  </testcase> <!-- @BeforeTest setUp -->
  <testcase classname="POM.MiniProject01.SignUpTest" name="@BeforeTest setUp" time="-1.736850394975E9">
    <skipped/>
  </testcase> <!-- @BeforeTest setUp -->
  <testcase classname="POM.MiniProject01.SignUpTest" name="testSignUpButtonVisibility" time="0.0">
    <skipped/>
  </testcase> <!-- testSignUpButtonVisibility -->
  <testcase classname="POM.MiniProject01.LogOutTest" name="testLogoutAndRedirection" time="0.0">
    <skipped/>
  </testcase> <!-- testLogoutAndRedirection -->
  <testcase classname="POM.MiniProject01.ProductCategoryDisplayTest" name="testLaptopsCategoryVisibility" time="0.0">
    <skipped/>
  </testcase> <!-- testLaptopsCategoryVisibility -->
  <testcase classname="POM.MiniProject01.SignUpTest" name="testSignUpButtonClickability" time="0.0">
    <skipped/>
  </testcase> <!-- testSignUpButtonClickability -->
  <testcase classname="POM.MiniProject01.CartTest" name="testUpdateCartTotalAfterDeletion" time="0.0">
    <skipped/>
  </testcase> <!-- testUpdateCartTotalAfterDeletion -->
  <testcase classname="POM.MiniProject01.SignUpTest" name="testSignUpFunctionality" time="0.0">
    <skipped/>
  </testcase> <!-- testSignUpFunctionality -->
  <testcase classname="POM.MiniProject01.CartTest" name="testAddRemoveProductFromCart" time="0.0">
    <skipped/>
  </testcase> <!-- testAddRemoveProductFromCart -->
  <testcase classname="POM.MiniProject01.CartTest" name="testClearCartFunctionality" time="0.0">
    <skipped/>
  </testcase> <!-- testClearCartFunctionality -->
  <testcase classname="POM.MiniProject01.LogOutTest" name="testLogoutButtonVisibility" time="0.0">
    <skipped/>
  </testcase> <!-- testLogoutButtonVisibility -->
  <testcase classname="POM.MiniProject01.ProductCategoryDisplayTest" name="testPhonesCategoryVisibility" time="0.0">
    <skipped/>
  </testcase> <!-- testPhonesCategoryVisibility -->
  <testcase classname="POM.MiniProject01.CartTest" name="testTotalPriceCalculation" time="0.0">
    <skipped/>
  </testcase> <!-- testTotalPriceCalculation -->
  <testcase classname="POM.MiniProject01.PurchaseTest" name="testPlaceOrderButtonVisible" time="0.0">
    <skipped/>
  </testcase> <!-- testPlaceOrderButtonVisible -->
  <testcase classname="POM.MiniProject01.PurchaseTest" name="testOrderDetailsFields" time="0.0">
    <skipped/>
  </testcase> <!-- testOrderDetailsFields -->
  <testcase classname="POM.MiniProject01.PurchaseTest" name="testCompleteOrder" time="0.0">
    <skipped/>
  </testcase> <!-- testCompleteOrder -->
  <testcase classname="POM.MiniProject01.ProductCategoryDisplayTest" name="testWelcomeMessageVisibility" time="0.0">
    <skipped/>
  </testcase> <!-- testWelcomeMessageVisibility -->
  <testcase classname="POM.MiniProject01.ProductCategoryDisplayTest" name="testMonitorsCategoryVisibility" time="0.0">
    <skipped/>
  </testcase> <!-- testMonitorsCategoryVisibility -->
  <testcase classname="POM.MiniProject01.ProductCategoryDisplayTest" name="testMenuItemsVisibility" time="0.0">
    <skipped/>
  </testcase> <!-- testMenuItemsVisibility -->
  <testcase classname="POM.MiniProject01.ProductCategoryDisplayTest" name="testLogoVisibility" time="0.0">
    <skipped/>
  </testcase> <!-- testLogoVisibility -->
  <testcase classname="POM.MiniProject01.LogInTest" name="testLoginButtonVisibility" time="0.0">
    <skipped/>
  </testcase> <!-- testLoginButtonVisibility -->
  <testcase classname="POM.MiniProject01.LogInTest" name="testLoginFunctionality" time="0.0">
    <skipped/>
  </testcase> <!-- testLoginFunctionality -->
  <testcase classname="POM.MiniProject01.ProductTest" name="testProductDetailsAccuracy" time="0.0">
    <skipped/>
  </testcase> <!-- testProductDetailsAccuracy -->
  <testcase classname="POM.MiniProject01.ProductTest" name="testAddProductToCart" time="0.0">
    <skipped/>
  </testcase> <!-- testAddProductToCart -->
  <testcase classname="POM.MiniProject01.ProductTest" name="testAddMultipleProductsToCart" time="0.0">
    <skipped/>
  </testcase> <!-- testAddMultipleProductsToCart -->
  <testcase classname="POM.MiniProject01.LogInTest" name="testLoginButtonClickability" time="0.0">
    <skipped/>
  </testcase> <!-- testLoginButtonClickability -->
  <testcase classname="POM.MiniProject01.ProductTest" name="testProductRedirection" time="0.0">
    <skipped/>
  </testcase> <!-- testProductRedirection -->
</testsuite> <!-- Test -->
